<?xml version="1.0" encoding="UTF-8"?>
<testsuite name="MarcianTest" tests="1" skipped="0" failures="0" errors="0" timestamp="2020-11-26T04:43:50" hostname="DESKTOP-6SHORR7" time="0.008">
  <properties/>
  <testcase name="getName()" classname="MarcianTest" time="0.008"/>
  <system-out><![CDATA[]]></system-out>
  <system-err><![CDATA[]]></system-err>
</testsuite>
